<?xml version="1.0" encoding="UTF-8"?>
<!-- Generated by org.testng.reporters.JUnitReportReporter -->
<testsuite hostname="IANKOH-PC" failures="0" tests="1" name="com.softallinace.qa.sellenium_testone.App" time="45.457" errors="0" timestamp="19 Apr 2021 12:33:02 GMT" skipped="0">
  <testcase classname="com.softallinace.qa.sellenium_testone.App" name="juiceLogin" time="45.457"/>
</testsuite> <!-- com.softallinace.qa.sellenium_testone.App -->
