<?xml version="1.0" encoding="UTF-8"?>
<!-- Generated by org.testng.reporters.JUnitReportReporter -->
<testsuite hostname="IANKOH-PC" failures="0" tests="1" name="com.softallinace.qa.sellenium_testone.kashiar" time="23.590" errors="0" timestamp="15 Apr 2021 08:55:59 GMT" skipped="0">
  <testcase classname="com.softallinace.qa.sellenium_testone.kashiar" name="kashiar" time="23.590"/>
</testsuite> <!-- com.softallinace.qa.sellenium_testone.kashiar -->
